Operating system: Microsoft Windows NT 6.2.9200.0
Opening INI file "C:\Users\chris\Downloads\sonic-1-akaibu\SonPLN.ini"...
Game type is S1.
Loading Title Screen Logo...
Loading plane mappings from file "mapeni/titlescr.bin", using compression Enigma...
Loading palette file "pallet/title.bin"...
Source: 0 Destination: 0 Length: 16
Loading dummy tile data.
Loading 8x8 tiles from file "artnem/titlefor.bin", using compression Nemesis...
Load completed.
System.NullReferenceException: De objectverwijzing is niet op een exemplaar van een object ingesteld.
   bij SonicRetro.SonLVL.PatternIndexSearchControl.UpdateStuff() in E:\Programs\SonLVL\SonPLN\PatternIndexSearchControl.cs:regel 22
   bij SonicRetro.SonLVL.ReplaceTilesDialog.ReplaceBlockTilesDialog_VisibleChanged(Object sender, EventArgs e) in E:\Programs\SonLVL\SonPLN\ReplaceTilesDialog.cs:regel 17
   bij System.Windows.Forms.Control.OnVisibleChanged(EventArgs e)
   bij System.Windows.Forms.ScrollableControl.OnVisibleChanged(EventArgs e)
   bij System.Windows.Forms.Form.OnVisibleChanged(EventArgs e)
   bij System.Windows.Forms.Control.WmShowWindow(Message& m)
   bij System.Windows.Forms.Control.WndProc(Message& m)
   bij System.Windows.Forms.ScrollableControl.WndProc(Message& m)
   bij System.Windows.Forms.ContainerControl.WndProc(Message& m)
   bij System.Windows.Forms.Form.WmShowWindow(Message& m)
   bij System.Windows.Forms.Form.WndProc(Message& m)
   bij System.Windows.Forms.Control.ControlNativeWindow.OnMessage(Message& m)
   bij System.Windows.Forms.Control.ControlNativeWindow.WndProc(Message& m)
   bij System.Windows.Forms.NativeWindow.Callback(IntPtr hWnd, Int32 msg, IntPtr wparam, IntPtr lparam)
