Operating system: Microsoft Windows NT 6.2.9200.0
Opening INI file "C:\Users\chris\Downloads\request\04 sonic of the extreme\SourceCode\Sonic 1 2005 INIs\SonLVL.ini"...
Game type is S1.
Loading Green Hill Zone Act 1...
Loading 256x256 chunks from file "../map256/ghz.bin", using compression Kosinski...
Loading 16x16 blocks from file "../map16/ghz.bin", using compression Enigma...
Loading 8x8 tiles from file "../artnem/8x8ghz1.bin", using compression Nemesis...
Loading FG layout from file "../levels/ghz1.bin", using compression Uncompressed...
Loading BG layout from file "../levels/ghzbg.bin", using compression Uncompressed...
Loading FG layout from file "../levels/ghz2.bin", using compression Uncompressed...
Loading 8x8 tiles from file "../artnem/8x8ghz2.bin", using compression Nemesis...
Loading palette file "../pallet/sonic.bin"...
Source: 0 Destination: 0 Length: 16
Loading palette file "../pallet/ghz.bin"...
Source: 0 Destination: 16 Length: 48
Loading FG layout from file "../levels/ghz3.bin", using compression Uncompressed...
Loading FG layout from file "../levels/ending.bin", using compression Uncompressed...
Loading object definition file "obj.ini".
Loading object definition file "objGHZ.ini".
Loading ObjectDefinition type S1ObjectDefinitions.Common.Ring from "Common\Ring.cs"...
Compiling code file...
Loading ObjectDefinition type S1ObjectDefinitions.Common.InvisibleBlock from "Common\InvisibleBlock.cs"...
Compiling code file...
Loading ObjectDefinition type S1ObjectDefinitions.GHZ.Bridge from "GHZ\Bridge.cs"...
Loading ObjectDefinition type S1ObjectDefinitions.GHZ.SwingingPlatform from "GHZ\SwingingPlatform.cs"...
Compiling code file...
Compiling code file...
Compile succeeded.
Compile succeeded.
Compile succeeded.
Compile succeeded.
Loading ObjectDefinition type S1ObjectDefinitions.GHZ.SpikedPole from "GHZ\SpikedPole.cs"...
Compiling code file...
Compile succeeded.
Loading objects from file "../objpos/ghz1.bin", using compression Uncompressed...
Loading start position "Level Start" from file "../misc/sloc_lev.bin"...
Loading start position "Credits Demo 1" from file "../misc/sloc_end.bin"...
Loading start position "Credits Demo 2" from file "../misc/sloc_end.bin"...
Drawing block bitmaps...
Drawing chunk bitmaps...
Level loaded in 1,7616323 second(s).
Load completed.
Saving Green Hill Zone Act 1...
Saving Green Hill Zone Act 1...
Opening INI file "C:\Users\chris\Downloads\request\01 High Hedgehog Havoc\SourceCode\Sonic 1 2005 INIs\SonLVL.ini"...
Game type is S1.
Loading Green Hill Zone Act 1...
Loading 16x16 blocks from file "../map16/ghz.bin", using compression Enigma...
Loading 8x8 tiles from file "../artnem/8x8ghz1.bin", using compression Nemesis...
Loading 256x256 chunks from file "../map256/ghz.bin", using compression Kosinski...
Loading FG layout from file "../levels/ghz1.bin", using compression Uncompressed...
Loading BG layout from file "../levels/ghzbg.bin", using compression Uncompressed...
Loading FG layout from file "../levels/ghz2.bin", using compression Uncompressed...
Loading FG layout from file "../levels/ghz3.bin", using compression Uncompressed...
Loading FG layout from file "../levels/ending.bin", using compression Uncompressed...
Loading 8x8 tiles from file "../artnem/8x8ghz2.bin", using compression Nemesis...
Loading palette file "../pallet/sonic.bin"...
Source: 0 Destination: 0 Length: 16
Loading palette file "../pallet/ghz.bin"...
Source: 0 Destination: 16 Length: 48
Loading object definition file "obj.ini".
Loading object definition file "objGHZ.ini".
Loading ObjectDefinition type S1ObjectDefinitions.Common.Ring from "Common\Ring.cs"...
Compiling code file...
Loading ObjectDefinition type S1ObjectDefinitions.Common.InvisibleBlock from "Common\InvisibleBlock.cs"...
Compiling code file...
Loading ObjectDefinition type S1ObjectDefinitions.GHZ.SwingingPlatform from "GHZ\SwingingPlatform.cs"...
Compiling code file...
Loading ObjectDefinition type S1ObjectDefinitions.GHZ.Bridge from "GHZ\Bridge.cs"...
Compiling code file...
Compile succeeded.
Compile succeeded.
Compile succeeded.
Loading ObjectDefinition type S1ObjectDefinitions.GHZ.SpikedPole from "GHZ\SpikedPole.cs"...
Compiling code file...
Compile succeeded.
Compile succeeded.
Loading start position "Level Start" from file "../misc/sloc_lev.bin"...
Loading objects from file "../objpos/ghz1.bin", using compression Uncompressed...
Loading start position "Credits Demo 1" from file "../misc/sloc_end.bin"...
Loading start position "Credits Demo 2" from file "../misc/sloc_end.bin"...
Drawing block bitmaps...
Drawing chunk bitmaps...
Level loaded in 1,376565 second(s).
Load completed.
Saving Green Hill Zone Act 1...
Saving Green Hill Zone Act 1...
Opening INI file "C:\Users\chris\Downloads\Sonic 1 Akaibu,\Sonic 1 2005 INIs\SonLVL.ini"...
Game type is S1.
Loading Green Hill Zone Act 1...
Loading 8x8 tiles from file "../artnem/8x8ghz1.bin", using compression Nemesis...
Loading 256x256 chunks from file "../map256/ghz.bin", using compression Kosinski...
Loading 16x16 blocks from file "../map16/ghz.bin", using compression Enigma...
Loading FG layout from file "../levels/ghz1.bin", using compression Uncompressed...
Loading 8x8 tiles from file "../artnem/8x8ghz2.bin", using compression Nemesis...
Loading BG layout from file "../levels/ghzbg.bin", using compression Uncompressed...
Loading palette file "../pallet/sonic.bin"...
Source: 0 Destination: 0 Length: 16
Loading FG layout from file "../levels/ghz2.bin", using compression Uncompressed...
Loading FG layout from file "../levels/ghz3.bin", using compression Uncompressed...
Loading palette file "../pallet/ghz.bin"...
Source: 0 Destination: 16 Length: 48
Loading FG layout from file "../levels/ending.bin", using compression Uncompressed...
Loading object definition file "obj.ini".
Loading object definition file "objGHZ.ini".
Loading ObjectDefinition type S1ObjectDefinitions.Common.Ring from "Common\Ring.cs"...
Loading type from cached assembly "dllcache\S1ObjectDefinitions.Common.Ring.dll"...
Loading ObjectDefinition type S1ObjectDefinitions.Common.InvisibleBlock from "Common\InvisibleBlock.cs"...
Loading type from cached assembly "dllcache\S1ObjectDefinitions.Common.InvisibleBlock.dll"...
Loading ObjectDefinition type S1ObjectDefinitions.GHZ.Bridge from "GHZ\Bridge.cs"...
Loading type from cached assembly "dllcache\S1ObjectDefinitions.GHZ.Bridge.dll"...
Loading ObjectDefinition type S1ObjectDefinitions.GHZ.SwingingPlatform from "GHZ\SwingingPlatform.cs"...
Loading type from cached assembly "dllcache\S1ObjectDefinitions.GHZ.SwingingPlatform.dll"...
Loading ObjectDefinition type S1ObjectDefinitions.GHZ.SpikedPole from "GHZ\SpikedPole.cs"...
Loading type from cached assembly "dllcache\S1ObjectDefinitions.GHZ.SpikedPole.dll"...
Loading start position "Level Start" from file "../misc/sloc_lev.bin"...
Loading objects from file "../objpos/ghz1.bin", using compression Uncompressed...
Loading start position "Credits Demo 1" from file "../misc/sloc_end.bin"...
Loading start position "Credits Demo 2" from file "../misc/sloc_end.bin"...
Drawing block bitmaps...
Drawing chunk bitmaps...
Level loaded in 0,3303529 second(s).
Load completed.
Loading Green Hill Zone Act 1...
Loading 8x8 tiles from file "../artnem/8x8ghz1.bin", using compression Nemesis...
Loading 16x16 blocks from file "../map16/ghz.bin", using compression Enigma...
Loading 256x256 chunks from file "../map256/ghz.bin", using compression Kosinski...
Loading FG layout from file "../levels/ghz1.bin", using compression Uncompressed...
Loading palette file "../pallet/sonic.bin"...
Source: 0 Destination: 0 Length: 16
Loading palette file "../pallet/ghz.bin"...
Source: 0 Destination: 16 Length: 48
Loading 8x8 tiles from file "../artnem/8x8ghz2.bin", using compression Nemesis...
Loading BG layout from file "../levels/ghzbg.bin", using compression Uncompressed...
Loading FG layout from file "../levels/ghz2.bin", using compression Uncompressed...
Loading FG layout from file "../levels/ghz3.bin", using compression Uncompressed...
Loading FG layout from file "../levels/ending.bin", using compression Uncompressed...
Loading object definition file "obj.ini".
Loading object definition file "objGHZ.ini".
Loading ObjectDefinition type S1ObjectDefinitions.Common.Ring from "Common\Ring.cs"...
Loading type from cached assembly "dllcache\S1ObjectDefinitions.Common.Ring.dll"...
Loading ObjectDefinition type S1ObjectDefinitions.Common.InvisibleBlock from "Common\InvisibleBlock.cs"...
Loading type from cached assembly "dllcache\S1ObjectDefinitions.Common.InvisibleBlock.dll"...
Loading ObjectDefinition type S1ObjectDefinitions.GHZ.Bridge from "GHZ\Bridge.cs"...
Loading type from cached assembly "dllcache\S1ObjectDefinitions.GHZ.Bridge.dll"...
Loading ObjectDefinition type S1ObjectDefinitions.GHZ.SpikedPole from "GHZ\SpikedPole.cs"...
Loading type from cached assembly "dllcache\S1ObjectDefinitions.GHZ.SpikedPole.dll"...
Loading ObjectDefinition type S1ObjectDefinitions.GHZ.SwingingPlatform from "GHZ\SwingingPlatform.cs"...
Loading type from cached assembly "dllcache\S1ObjectDefinitions.GHZ.SwingingPlatform.dll"...
Loading objects from file "../objpos/ghz1.bin", using compression Uncompressed...
Loading start position "Level Start" from file "../misc/sloc_lev.bin"...
Loading start position "Credits Demo 1" from file "../misc/sloc_end.bin"...
Loading start position "Credits Demo 2" from file "../misc/sloc_end.bin"...
Drawing block bitmaps...
Drawing chunk bitmaps...
Level loaded in 0,4448669 second(s).
Load completed.
Saving Green Hill Zone Act 1...
System.ArgumentOutOfRangeException: De waarde van -255 is niet geldig voor Value. Value moet tussen 'minimum' en 'maximum' liggen.
Parameternaam: Value
   bij System.Windows.Forms.ScrollBar.set_Value(Int32 value)
   bij SonicRetro.SonLVL.ScrollingPanel.set_VScrollValue(Int32 value) in D:\Programs\SonLVL\SonLVL\ScrollingPanel.cs:regel 63
   bij SonicRetro.SonLVL.GUI.MainForm.backgroundPanel_KeyDown(Object sender, KeyEventArgs e) in D:\Programs\SonLVL\SonLVL\MainForm.cs:regel 2360
   bij System.Windows.Forms.KeyEventHandler.Invoke(Object sender, KeyEventArgs e)
   bij SonicRetro.SonLVL.ScrollingPanel.panel_KeyDown(Object sender, KeyEventArgs e) in D:\Programs\SonLVL\SonLVL\ScrollingPanel.cs:regel 130
   bij System.Windows.Forms.Control.OnKeyDown(KeyEventArgs e)
   bij System.Windows.Forms.Control.ProcessKeyEventArgs(Message& m)
   bij System.Windows.Forms.Control.ProcessKeyMessage(Message& m)
   bij System.Windows.Forms.Control.WmKeyChar(Message& m)
   bij System.Windows.Forms.Control.WndProc(Message& m)
   bij System.Windows.Forms.ScrollableControl.WndProc(Message& m)
   bij System.Windows.Forms.ContainerControl.WndProc(Message& m)
   bij System.Windows.Forms.UserControl.WndProc(Message& m)
   bij System.Windows.Forms.Control.ControlNativeWindow.OnMessage(Message& m)
   bij System.Windows.Forms.Control.ControlNativeWindow.WndProc(Message& m)
   bij System.Windows.Forms.NativeWindow.Callback(IntPtr hWnd, Int32 msg, IntPtr wparam, IntPtr lparam)
